<?xml version="1.0" encoding="UTF-8"?>
<!-- Generated by org.testng.reporters.JUnitReportReporter -->
<testsuite hostname="gopika-pc" name="single.LearnGrid" tests="2" failures="0" timestamp="23 Apr 2016 19:56:04 GMT" time="60.451" errors="0">
  <testcase name="singleNodeChromeExample" time="24.203" classname="single.LearnGrid"/>
  <testcase name="singleNodeFFExample" time="36.248" classname="single.LearnGrid"/>
</testsuite> <!-- single.LearnGrid -->
