<?xml version="1.0" encoding="UTF-8"?>
<!-- Generated by org.testng.reporters.JUnitReportReporter -->
<testsuite hostname="gopika-pc" name="parallel.TestParallel_01" tests="4" failures="0" timestamp="23 Apr 2016 19:42:44 GMT" time="0.198" errors="0">
  <testcase name="test02" time="0.054" classname="parallel.TestParallel_01"/>
  <testcase name="test01" time="0.044" classname="parallel.TestParallel_01"/>
  <testcase name="test04" time="0.056" classname="parallel.TestParallel_01"/>
  <testcase name="test03" time="0.044" classname="parallel.TestParallel_01"/>
</testsuite> <!-- parallel.TestParallel_01 -->
