<?xml version="1.0" encoding="UTF-8"?>
<!-- Generated by org.testng.reporters.JUnitReportReporter -->
<testsuite hostname="gopika-pc" name="parallel.TestParallel" tests="2" failures="0" timestamp="23 Apr 2016 19:09:34 GMT" time="0.013" errors="0">
  <testcase name="test_01" time="0.004" classname="parallel.TestParallel"/>
  <testcase name="test_01" time="0.009" classname="parallel.TestParallel"/>
</testsuite> <!-- parallel.TestParallel -->
